<?xml version="1.0" encoding="UTF-8"?>
<testsuite xmlns:xsi="http://www.w3.org/2001/XMLSchema-instance" xsi:noNamespaceSchemaLocation="https://maven.apache.org/surefire/maven-surefire-plugin/xsd/surefire-test-report.xsd" version="3.0.2" name="com.example.ValidatorExtendedTest" time="0.103" tests="33" errors="0" skipped="0" failures="0">
  <properties>
[...]
</properties>
  <testcase name="email_valid_subdomain" classname="com.example.ValidatorExtendedTest" time="0.025"/>
  <testcase name="email_valid" classname="com.example.ValidatorExtendedTest" time="0.001"/>
  <testcase name="phone_valid_dashed" classname="com.example.ValidatorExtendedTest" time="0.001"/>
  <testcase name="phone_valid_digits" classname="com.example.ValidatorExtendedTest" time="0.001"/>
  <testcase name="phone_valid_dotted" classname="com.example.ValidatorExtendedTest" time="0.001"/>
  <testcase name="age_invalid_negative" classname="com.example.ValidatorExtendedTest" time="0.001"/>
  <testcase name="age_valid_150" classname="com.example.ValidatorExtendedTest" time="0.0"/>
  <testcase name="phone_valid_spaces" classname="com.example.ValidatorExtendedTest" time="0.0"/>
  <testcase name="phone_valid_parentheses" classname="com.example.ValidatorExtendedTest" time="0.001"/>
  <testcase name="annotated_usesAnnotationMessage" classname="com.example.ValidatorExtendedTest" time="0.007"/>
  <testcase name="annotated_noAnnotations_returnsEmpty" classname="com.example.ValidatorExtendedTest" time="0.001"/>
  <testcase name="email_invalid_no_domain" classname="com.example.ValidatorExtendedTest" time="0.001"/>
  <testcase name="annotated_nullValues_stillValidated" classname="com.example.ValidatorExtendedTest" time="0.001"/>
  <testcase name="age_valid_0" classname="com.example.ValidatorExtendedTest" time="0.0"/>
  <testcase name="phone_invalid_empty" classname="com.example.ValidatorExtendedTest" time="0.0"/>
  <testcase name="phone_invalid_short" classname="com.example.ValidatorExtendedTest" time="0.0"/>
  <testcase name="age_valid_25" classname="com.example.ValidatorExtendedTest" time="0.0"/>
  <testcase name="phone_invalid_long" classname="com.example.ValidatorExtendedTest" time="0.0"/>
  <testcase name="phone_invalid_null" classname="com.example.ValidatorExtendedTest" time="0.0"/>
  <testcase name="annotated_validPerson_returnsEmpty" classname="com.example.ValidatorExtendedTest" time="0.001"/>
  <testcase name="email_invalid_spaces" classname="com.example.ValidatorExtendedTest" time="0.0"/>
  <testcase name="annotated_multipleErrors" classname="com.example.ValidatorExtendedTest" time="0.0"/>
  <testcase name="email_invalid_no_local" classname="com.example.ValidatorExtendedTest" time="0.002"/>
  <testcase name="phone_invalid_letters" classname="com.example.ValidatorExtendedTest" time="0.001"/>
  <testcase name="email_valid_dot_local" classname="com.example.ValidatorExtendedTest" time="0.001"/>
  <testcase name="annotated_invalidPhone_hasError" classname="com.example.ValidatorExtendedTest" time="0.001"/>
  <testcase name="email_invalid_null" classname="com.example.ValidatorExtendedTest" time="0.0"/>
  <testcase name="email_valid_plus" classname="com.example.ValidatorExtendedTest" time="0.001"/>
  <testcase name="annotated_partialFields_onlyValidatesAnnotated" classname="com.example.ValidatorExtendedTest" time="0.002"/>
  <testcase name="age_invalid_over" classname="com.example.ValidatorExtendedTest" time="0.007"/>
  <testcase name="annotated_invalidEmail_hasError" classname="com.example.ValidatorExtendedTest" time="0.001"/>
  <testcase name="email_invalid_empty" classname="com.example.ValidatorExtendedTest" time="0.001"/>
  <testcase name="email_invalid_no_at" classname="com.example.ValidatorExtendedTest" time="0.0"/>
</testsuite>