<?xml version="1.0" encoding="UTF-8"?>
<testsuite xmlns:xsi="http://www.w3.org/2001/XMLSchema-instance" xsi:noNamespaceSchemaLocation="https://maven.apache.org/surefire/maven-surefire-plugin/xsd/surefire-test-report.xsd" version="3.0.2" name="com.example.ValidatorTest" time="0.004" tests="4" errors="0" skipped="0" failures="0">
  <properties>
[...]
</properties>
  <testcase name="validateRequired_emptyString" classname="com.example.ValidatorTest" time="0.001"/>
  <testcase name="validateRequired_null" classname="com.example.ValidatorTest" time="0.001"/>
  <testcase name="validateRequired_whitespace" classname="com.example.ValidatorTest" time="0.0"/>
  <testcase name="validateRequired_withValue" classname="com.example.ValidatorTest" time="0.0"/>
</testsuite>